f:\virtualbox\sharefolder\mono\commoncontrols\opengl_dll\debug\opengl.pch
f:\virtualbox\sharefolder\mono\commoncontrols\opengl_dll\debug\vc141.pdb
f:\virtualbox\sharefolder\mono\commoncontrols\opengl_dll\debug\stdafx.obj
f:\virtualbox\sharefolder\mono\commoncontrols\opengl_dll\debug\gl03_4.obj
f:\virtualbox\sharefolder\mono\commoncontrols\opengl_dll\debug\gl03_3.obj
f:\virtualbox\sharefolder\mono\commoncontrols\opengl_dll\debug\gl03_2.obj
f:\virtualbox\sharefolder\mono\commoncontrols\opengl_dll\debug\gl03_1.obj
f:\virtualbox\sharefolder\mono\commoncontrols\opengl_dll\debug\texturebmp.obj
f:\virtualbox\sharefolder\mono\commoncontrols\opengl_dll\debug\teapot.obj
f:\virtualbox\sharefolder\mono\commoncontrols\opengl_dll\debug\mesagears.obj
f:\virtualbox\sharefolder\mono\commoncontrols\opengl_dll\debug\mesabounce.obj
f:\virtualbox\sharefolder\mono\commoncontrols\opengl_dll\debug\japanesefont.obj
f:\virtualbox\sharefolder\mono\commoncontrols\opengl_dll\debug\font.obj
f:\virtualbox\sharefolder\mono\commoncontrols\opengl_dll\debug\bmploader.obj
f:\virtualbox\sharefolder\mono\commoncontrols\opengl_dll\debug\opengl.obj
f:\virtualbox\sharefolder\mono\commoncontrols\opengl_dll\debug\lesson12.obj
f:\virtualbox\sharefolder\mono\commoncontrols\opengl_dll\debug\lesson11.obj
f:\virtualbox\sharefolder\mono\commoncontrols\opengl_dll\debug\lesson09.obj
f:\virtualbox\sharefolder\mono\commoncontrols\opengl_dll\debug\lesson07.obj
f:\virtualbox\sharefolder\mono\commoncontrols\opengl_dll\debug\lesson06.obj
f:\virtualbox\sharefolder\mono\commoncontrols\opengl_dll\debug\lesson05.obj
f:\virtualbox\sharefolder\mono\commoncontrols\opengl_dll\debug\sample01.obj
f:\virtualbox\sharefolder\mono\commoncontrols\opengl_dll\debug\assemblyinfo.obj
f:\virtualbox\sharefolder\mono\commoncontrols\opengl_dll\debug\gl06_2.obj
f:\virtualbox\sharefolder\mono\commoncontrols\opengl_dll\debug\gl06_1.obj
f:\virtualbox\sharefolder\mono\commoncontrols\opengl_dll\debug\gl05_1.obj
f:\virtualbox\sharefolder\mono\commoncontrols\opengl_dll\debug\gl04_1.obj
f:\virtualbox\sharefolder\mono\commoncontrols\opengl_dll\debug\.netframework,version=v4.0.assemblyattributes.obj
f:\virtualbox\sharefolder\mono\commoncontrols\opengl_dll\debug\.netframework,version=v4.0.assemblyattributes.asm
f:\virtualbox\sharefolder\mono\commoncontrols\opengl_dll\debug\opengl.dll
f:\virtualbox\sharefolder\mono\commoncontrols\opengl_dll\debug\opengl.pdb
f:\virtualbox\sharefolder\mono\commoncontrols\opengl_dll\debug\app.res
f:\virtualbox\sharefolder\mono\commoncontrols\opengl_dll\debug\opengl.vcxprojassemblyreference.cache
f:\virtualbox\sharefolder\mono\commoncontrols\opengl_dll\debug\opengl.dll.metagen
f:\virtualbox\sharefolder\mono\commoncontrols\opengl_dll\debug\opengl.tlog\cl.command.1.tlog
f:\virtualbox\sharefolder\mono\commoncontrols\opengl_dll\debug\opengl.tlog\cl.read.1.tlog
f:\virtualbox\sharefolder\mono\commoncontrols\opengl_dll\debug\opengl.tlog\cl.write.1.tlog
f:\virtualbox\sharefolder\mono\commoncontrols\opengl_dll\debug\opengl.tlog\link.command.1.tlog
f:\virtualbox\sharefolder\mono\commoncontrols\opengl_dll\debug\opengl.tlog\link.read.1.tlog
f:\virtualbox\sharefolder\mono\commoncontrols\opengl_dll\debug\opengl.tlog\link.write.1.tlog
f:\virtualbox\sharefolder\mono\commoncontrols\opengl_dll\debug\opengl.tlog\metagen.read.1.tlog
f:\virtualbox\sharefolder\mono\commoncontrols\opengl_dll\debug\opengl.tlog\metagen.write.1.tlog
f:\virtualbox\sharefolder\mono\commoncontrols\opengl_dll\debug\opengl.tlog\rc.command.1.tlog
f:\virtualbox\sharefolder\mono\commoncontrols\opengl_dll\debug\opengl.tlog\rc.read.1.tlog
f:\virtualbox\sharefolder\mono\commoncontrols\opengl_dll\debug\opengl.tlog\rc.write.1.tlog
f:\virtualbox\sharefolder\mono\commoncontrols\opengl_dll\debug\opengl.tlog\tzres.dll.bi
